<?xml version="1.0" encoding="UTF-8"?>
<!-- Generated by org.testng.reporters.JUnitReportReporter -->
<testsuite skipped="0" hostname="DESKTOP-AH527JB" name="com.testcases1.LoginTestCase1" tests="2" failures="0" timestamp="05 May 2020 11:03:38 GMT" time="28.423" errors="0">
  <testcase name="PWDRecovery" time="10.340" classname="com.testcases1.LoginTestCase1"/>
  <testcase name="userLogin" time="18.083" classname="com.testcases1.LoginTestCase1"/>
</testsuite> <!-- com.testcases1.LoginTestCase1 -->
