<?xml version="1.0" encoding="UTF-8"?>
<!-- Generated by org.testng.reporters.JUnitReportReporter -->
<testsuite skipped="0" hostname="DESKTOP-AH527JB" name="com.testcases1.RegTestCase1" tests="1" failures="0" timestamp="02 Oct 2019 11:19:49 GMT" time="23.449" errors="0">
  <testcase name="userRegistration" time="23.449" classname="com.testcases1.RegTestCase1"/>
</testsuite> <!-- com.testcases1.RegTestCase1 -->
